<?xml version="1.0" encoding="UTF-8"?>
<!-- Generated by org.testng.reporters.JUnitReportReporter -->
<testsuite hostname="LAPTOP-DNHRTNE3" name="Dec27.ScreenShot_bySelenium" tests="1" failures="0" timestamp="1 Jan 2020 09:46:52 GMT" time="30.297" errors="0">
  <testcase name="TakeScreenShot" time="30.297" classname="Dec27.ScreenShot_bySelenium"/>
</testsuite> <!-- Dec27.ScreenShot_bySelenium -->
