<?xml version="1.0" encoding="UTF-8"?>
<!-- Generated by org.testng.reporters.JUnitReportReporter -->
<testsuite hostname="LAPTOP-DNHRTNE3" name="Jan3.OrangeHRM2" tests="1" failures="0" timestamp="7 Jan 2020 09:25:21 GMT" time="59.400" errors="0">
  <testcase name="verifyLogin" time="59.400" classname="Jan3.OrangeHRM2"/>
</testsuite> <!-- Jan3.OrangeHRM2 -->
