<?xml version="1.0" encoding="UTF-8"?>
<!-- Generated by org.testng.reporters.JUnitReportReporter -->
<testsuite hostname="LAPTOP-DNHRTNE3" name="Dec27.TestNG_Annotations1" tests="3" failures="0" timestamp="28 Dec 2019 02:27:31 GMT" time="0.031" errors="0">
  <testcase name="Compose" time="0.010" classname="Dec27.TestNG_Annotations1"/>
  <testcase name="Reply" time="0.008" classname="Dec27.TestNG_Annotations1"/>
  <testcase name="Login" time="0.013" classname="Dec27.TestNG_Annotations1"/>
</testsuite> <!-- Dec27.TestNG_Annotations1 -->
