<?xml version="1.0" encoding="UTF-8"?>
<!-- Generated by org.testng.reporters.JUnitReportReporter -->
<testsuite hostname="LAPTOP-DNHRTNE3" name="Dec27.TestNG_Annotations_BeforeTest_Sample" tests="3" failures="0" timestamp="28 Dec 2019 02:37:42 GMT" time="0.008" errors="0">
  <testcase name="Compose" time="0.006" classname="Dec27.TestNG_Annotations_BeforeTest_Sample"/>
  <testcase name="Reply" time="0.001" classname="Dec27.TestNG_Annotations_BeforeTest_Sample"/>
  <testcase name="Login" time="0.001" classname="Dec27.TestNG_Annotations_BeforeTest_Sample"/>
</testsuite> <!-- Dec27.TestNG_Annotations_BeforeTest_Sample -->
