<?xml version="1.0" encoding="UTF-8"?>
<!-- Generated by org.testng.reporters.JUnitReportReporter -->
<testsuite hostname="LAPTOP-DNHRTNE3" name="Dec27.TestNG_Annotations_BeforeTest_Sample_with_Priority" tests="5" failures="0" timestamp="28 Dec 2019 02:39:08 GMT" time="0.014" errors="0">
  <testcase name="Login" time="0.008" classname="Dec27.TestNG_Annotations_BeforeTest_Sample_with_Priority"/>
  <testcase name="Reply" time="0.002" classname="Dec27.TestNG_Annotations_BeforeTest_Sample_with_Priority"/>
  <testcase name="Reply" time="0.001" classname="Dec27.TestNG_Annotations_BeforeTest_Sample_with_Priority"/>
  <testcase name="Reply" time="0.001" classname="Dec27.TestNG_Annotations_BeforeTest_Sample_with_Priority"/>
  <testcase name="Compose" time="0.002" classname="Dec27.TestNG_Annotations_BeforeTest_Sample_with_Priority"/>
</testsuite> <!-- Dec27.TestNG_Annotations_BeforeTest_Sample_with_Priority -->
