<?xml version="1.0" encoding="UTF-8"?>
<!-- Generated by org.testng.reporters.JUnitReportReporter -->
<testsuite hostname="LAPTOP-DNHRTNE3" name="Jan4.Demo3" tests="1" failures="0" timestamp="7 Jan 2020 09:43:33 GMT" time="10.685" errors="0">
  <testcase name="Tc1" time="10.685" classname="Jan4.Demo3"/>
</testsuite> <!-- Jan4.Demo3 -->
