<?xml version="1.0" encoding="UTF-8"?>
<!-- Generated by org.testng.reporters.JUnitReportReporter -->
<testsuite hostname="LAPTOP-DNHRTNE3" name="Dec27.TestNG_Annotations_BeforeTest" tests="3" failures="0" timestamp="28 Dec 2019 02:25:32 GMT" time="15.402" errors="0">
  <testcase name="RegisterLink" time="5.399" classname="Dec27.TestNG_Annotations_BeforeTest"/>
  <testcase name="SignOnLink" time="5.003" classname="Dec27.TestNG_Annotations_BeforeTest"/>
  <testcase name="HotelsLink" time="5.000" classname="Dec27.TestNG_Annotations_BeforeTest"/>
</testsuite> <!-- Dec27.TestNG_Annotations_BeforeTest -->
