<?xml version="1.0" encoding="UTF-8"?>
<!-- Generated by org.testng.reporters.JUnitReportReporter -->
<testsuite hostname="LAPTOP-DNHRTNE3" name="Dec27.TestNG_Annotations_BeforeMethod_Project_with_Priority" tests="3" failures="0" timestamp="28 Dec 2019 03:04:06 GMT" time="59.066" errors="0">
  <testcase name="HotelsLink" time="20.377" classname="Dec27.TestNG_Annotations_BeforeMethod_Project_with_Priority"/>
  <testcase name="SignOnLink" time="19.930" classname="Dec27.TestNG_Annotations_BeforeMethod_Project_with_Priority"/>
  <testcase name="HotelsLink" time="18.759" classname="Dec27.TestNG_Annotations_BeforeMethod_Project_with_Priority"/>
</testsuite> <!-- Dec27.TestNG_Annotations_BeforeMethod_Project_with_Priority -->
