<?xml version="1.0" encoding="UTF-8"?>
<!-- Generated by org.testng.reporters.JUnitReportReporter -->
<testsuite hostname="LAPTOP-DNHRTNE3" name="Dec27.TestNG_Annotations_BeforeMethod_Project_with_Priority" tests="3" failures="0" timestamp="29 Dec 2019 11:13:40 GMT" time="59.578" errors="0">
  <testcase name="HotelsLink" time="18.221" classname="Dec27.TestNG_Annotations_BeforeMethod_Project_with_Priority"/>
  <testcase name="SignOnLink" time="18.525" classname="Dec27.TestNG_Annotations_BeforeMethod_Project_with_Priority"/>
  <testcase name="HotelsLink" time="22.832" classname="Dec27.TestNG_Annotations_BeforeMethod_Project_with_Priority"/>
</testsuite> <!-- Dec27.TestNG_Annotations_BeforeMethod_Project_with_Priority -->
