<?xml version="1.0" encoding="UTF-8"?>
<!-- Generated by org.testng.reporters.JUnitReportReporter -->
<testsuite hostname="LAPTOP-DNHRTNE3" name="Jan4.assertTrue" tests="1" failures="0" timestamp="8 Jan 2020 17:14:06 GMT" time="10.374" errors="0">
  <testcase name="TestCase" time="10.374" classname="Jan4.assertTrue"/>
</testsuite> <!-- Jan4.assertTrue -->
