<?xml version="1.0" encoding="UTF-8"?>
<!-- Generated by org.testng.reporters.JUnitReportReporter -->
<testsuite hostname="LAPTOP-DNHRTNE3" name="Jan4.assertFalse" tests="1" failures="0" timestamp="8 Jan 2020 17:11:55 GMT" time="9.624" errors="0">
  <testcase name="Tc1" time="9.624" classname="Jan4.assertFalse"/>
</testsuite> <!-- Jan4.assertFalse -->
