<?xml version="1.0" encoding="UTF-8"?>
<!-- Generated by org.testng.reporters.JUnitReportReporter -->
<testsuite hostname="LAPTOP-DNHRTNE3" name="Dec27.TestNG_Annotations_BeforeMethod_Project" tests="3" failures="0" timestamp="29 Dec 2019 11:09:36 GMT" time="58.698" errors="0">
  <testcase name="RegisterLink" time="18.342" classname="Dec27.TestNG_Annotations_BeforeMethod_Project"/>
  <testcase name="HotelsLink" time="18.721" classname="Dec27.TestNG_Annotations_BeforeMethod_Project"/>
  <testcase name="SignOnLink" time="21.635" classname="Dec27.TestNG_Annotations_BeforeMethod_Project"/>
</testsuite> <!-- Dec27.TestNG_Annotations_BeforeMethod_Project -->
