<?xml version="1.0" encoding="UTF-8"?>
<!-- Generated by org.testng.reporters.JUnitReportReporter -->
<testsuite hostname="LAPTOP-DNHRTNE3" name="Dec27.TestNG_Annotations2" tests="3" failures="0" timestamp="28 Dec 2019 02:28:41 GMT" time="0.006" errors="0">
  <testcase name="Compose" time="0.005" classname="Dec27.TestNG_Annotations2"/>
  <testcase name="Reply" time="0.000" classname="Dec27.TestNG_Annotations2"/>
  <testcase name="Login" time="0.001" classname="Dec27.TestNG_Annotations2"/>
</testsuite> <!-- Dec27.TestNG_Annotations2 -->
