<?xml version="1.0" encoding="UTF-8"?>
<!-- Generated by org.testng.reporters.JUnitReportReporter -->
<testsuite hostname="LAPTOP-DNHRTNE3" name="Dec27.TestNG_Annotations_BeforeTest_Project_with_Priority" tests="3" failures="0" timestamp="28 Dec 2019 03:00:12 GMT" time="15.127" errors="0">
  <testcase name="HotelsLink" time="4.751" classname="Dec27.TestNG_Annotations_BeforeTest_Project_with_Priority"/>
  <testcase name="HotelsLink" time="5.182" classname="Dec27.TestNG_Annotations_BeforeTest_Project_with_Priority"/>
  <testcase name="SignOnLink" time="5.194" classname="Dec27.TestNG_Annotations_BeforeTest_Project_with_Priority"/>
</testsuite> <!-- Dec27.TestNG_Annotations_BeforeTest_Project_with_Priority -->
