<?xml version="1.0" encoding="UTF-8"?>
<!-- Generated by org.testng.reporters.JUnitReportReporter -->
<testsuite hostname="LAPTOP-DNHRTNE3" name="Dec27.ScreenShot_bySelenium" tests="1" failures="0" timestamp="29 Dec 2019 12:12:54 GMT" time="15.175" errors="0">
  <testcase name="TakeScreenShot" time="15.175" classname="Dec27.ScreenShot_bySelenium"/>
</testsuite> <!-- Dec27.ScreenShot_bySelenium -->
