<?xml version="1.0" encoding="UTF-8"?>
<!-- Generated by org.testng.reporters.JUnitReportReporter -->
<testsuite hostname="LAPTOP-DNHRTNE3" name="Dec27.TestNG_Annotations_BeforeMethod" tests="3" failures="0" timestamp="28 Dec 2019 02:47:20 GMT" time="57.814" errors="0">
  <testcase name="RegisterLink" time="19.092" classname="Dec27.TestNG_Annotations_BeforeMethod"/>
  <testcase name="HotelsLink" time="17.739" classname="Dec27.TestNG_Annotations_BeforeMethod"/>
  <testcase name="SignOnLink" time="20.983" classname="Dec27.TestNG_Annotations_BeforeMethod"/>
</testsuite> <!-- Dec27.TestNG_Annotations_BeforeMethod -->
