<?xml version="1.0" encoding="UTF-8"?>
<!-- Generated by org.testng.reporters.JUnitReportReporter -->
<testsuite hostname="LAPTOP-DNHRTNE3" name="Dec26.Demo1" tests="3" failures="0" timestamp="27 Dec 2019 09:55:34 GMT" time="0.009" errors="0">
  <testcase name="Compose" time="0.006" classname="Dec26.Demo1"/>
  <testcase name="Reply" time="0.002" classname="Dec26.Demo1"/>
  <testcase name="Login" time="0.001" classname="Dec26.Demo1"/>
</testsuite> <!-- Dec26.Demo1 -->
