<?xml version="1.0" encoding="UTF-8"?>
<!-- Generated by org.testng.reporters.JUnitReportReporter -->
<testsuite hostname="LAPTOP-DNHRTNE3" name="Jan4.Demo" tests="1" failures="0" timestamp="8 Jan 2020 17:09:31 GMT" time="11.101" errors="0">
  <testcase name="TestCase1" time="11.101" classname="Jan4.Demo"/>
</testsuite> <!-- Jan4.Demo -->
