<?xml version="1.0" encoding="UTF-8"?>
<!-- Generated by org.testng.reporters.JUnitReportReporter -->
<testsuite hostname="LAPTOP-DNHRTNE3" name="Jan3.OrangeHRM" tests="1" failures="0" timestamp="4 Jan 2020 09:02:13 GMT" time="55.025" errors="0">
  <testcase name="VerifyLogin" time="55.025" classname="Jan3.OrangeHRM"/>
</testsuite> <!-- Jan3.OrangeHRM -->
