<?xml version="1.0" encoding="UTF-8"?>
<!-- Generated by org.testng.reporters.JUnitReportReporter -->
<testsuite hostname="LAPTOP-DNHRTNE3" name="Dec27.TestNG_Annotations_BeforeMethod_Sample" tests="3" failures="0" timestamp="28 Dec 2019 02:33:14 GMT" time="0.026" errors="0">
  <testcase name="Compose" time="0.009" classname="Dec27.TestNG_Annotations_BeforeMethod_Sample"/>
  <testcase name="Reply" time="0.003" classname="Dec27.TestNG_Annotations_BeforeMethod_Sample"/>
  <testcase name="Login" time="0.014" classname="Dec27.TestNG_Annotations_BeforeMethod_Sample"/>
</testsuite> <!-- Dec27.TestNG_Annotations_BeforeMethod_Sample -->
