<?xml version="1.0" encoding="UTF-8"?>
<!-- Generated by org.testng.reporters.JUnitReportReporter -->
<testsuite hostname="LAPTOP-DNHRTNE3" name="Jan3.OrangeHRM_ExtentReports" tests="1" failures="0" timestamp="8 Jan 2020 17:20:53 GMT" time="50.562" errors="0">
  <testcase name="verifyLogin" time="50.562" classname="Jan3.OrangeHRM_ExtentReports"/>
</testsuite> <!-- Jan3.OrangeHRM_ExtentReports -->
