<?xml version="1.0" encoding="UTF-8"?>
<!-- Generated by org.testng.reporters.JUnitReportReporter -->
<testsuite hostname="LAPTOP-DNHRTNE3" name="Dec27.TestNG_Annotations_BeforeMethod_Sample_with_Priority" tests="3" failures="0" timestamp="28 Dec 2019 02:43:53 GMT" time="0.018" errors="0">
  <testcase name="Reply" time="0.011" classname="Dec27.TestNG_Annotations_BeforeMethod_Sample_with_Priority"/>
  <testcase name="Login" time="0.006" classname="Dec27.TestNG_Annotations_BeforeMethod_Sample_with_Priority"/>
  <testcase name="Reply" time="0.001" classname="Dec27.TestNG_Annotations_BeforeMethod_Sample_with_Priority"/>
</testsuite> <!-- Dec27.TestNG_Annotations_BeforeMethod_Sample_with_Priority -->
