<?xml version="1.0" encoding="UTF-8"?>
<!-- Generated by org.testng.reporters.JUnitReportReporter -->
<testsuite hostname="LAPTOP-DNHRTNE3" name="Jan4.Demo2" tests="1" failures="0" timestamp="7 Jan 2020 09:42:49 GMT" time="10.282" errors="0">
  <testcase name="Tc1" time="10.282" classname="Jan4.Demo2"/>
</testsuite> <!-- Jan4.Demo2 -->
